[debug] [2024-01-11T06:17:37.760Z] ----------------------------------------------------------------------
[debug] [2024-01-11T06:17:37.762Z] Command:       /usr/local/bin/firebase /home/muhammad-umar/.cache/firebase/tools/lib/node_modules/firebase-tools/lib/bin/firebase emulators:start
[debug] [2024-01-11T06:17:37.763Z] CLI Version:   13.0.2
[debug] [2024-01-11T06:17:37.763Z] Platform:      linux
[debug] [2024-01-11T06:17:37.763Z] Node Version:  v18.5.0
[debug] [2024-01-11T06:17:37.764Z] Time:          Thu Jan 11 2024 11:17:37 GMT+0500 (Pakistan Standard Time)
[debug] [2024-01-11T06:17:37.764Z] ----------------------------------------------------------------------
[debug] 
[debug] [2024-01-11T06:17:37.848Z] > command requires scopes: ["email","openid","https://www.googleapis.com/auth/cloudplatformprojects.readonly","https://www.googleapis.com/auth/firebase","https://www.googleapis.com/auth/cloud-platform"]
[debug] [2024-01-11T06:17:37.849Z] > authorizing via signed-in user (umarorakzai012@gmail.com)
[debug] [2024-01-11T06:17:37.979Z] openjdk version "19.0.2" 2023-01-17

[debug] [2024-01-11T06:17:37.980Z] OpenJDK Runtime Environment (build 19.0.2+7-Ubuntu-0ubuntu322.04)
OpenJDK 64-Bit Server VM (build 19.0.2+7-Ubuntu-0ubuntu322.04, mixed mode, sharing)

[debug] [2024-01-11T06:17:37.986Z] Parsed Java major version: 19
[info] i  emulators: Starting emulators: database {"metadata":{"emulator":{"name":"hub"},"message":"Starting emulators: database"}}
[debug] [2024-01-11T06:17:37.994Z] [logging] Logging Emulator only supports listening on one address (127.0.0.1). Not listening on ::1
[debug] [2024-01-11T06:17:37.994Z] [database] Database Emulator only supports listening on one address (127.0.0.1). Not listening on ::1
[debug] [2024-01-11T06:17:37.995Z] assigned listening specs for emulators {"user":{"hub":[{"address":"127.0.0.1","family":"IPv4","port":4400},{"address":"::1","family":"IPv6","port":4400}],"ui":[{"address":"127.0.0.1","family":"IPv4","port":4000},{"address":"::1","family":"IPv6","port":4000}],"logging":[{"address":"127.0.0.1","family":"IPv4","port":4500}],"database":[{"address":"127.0.0.1","family":"IPv4","port":9000}]},"metadata":{"message":"assigned listening specs for emulators"}}
[debug] [2024-01-11T06:17:38.003Z] [hub] writing locator at /tmp/hub-fir-app-11707.json
[debug] [2024-01-11T06:17:38.011Z] >>> [apiv2][query] GET https://firebase.googleapis.com/v1beta1/projects/fir-app-11707 [none]
[debug] [2024-01-11T06:17:38.946Z] <<< [apiv2][status] GET https://firebase.googleapis.com/v1beta1/projects/fir-app-11707 200
[debug] [2024-01-11T06:17:38.947Z] <<< [apiv2][body] GET https://firebase.googleapis.com/v1beta1/projects/fir-app-11707 {"projectId":"fir-app-11707","projectNumber":"611319588448","displayName":"firebase-app","name":"projects/fir-app-11707","resources":{"hostingSite":"fir-app-11707","realtimeDatabaseInstance":"fir-app-11707-default-rtdb"},"state":"ACTIVE","etag":"1_68181699-bfe6-4d9b-8774-dfd6531d583e"}
[debug] [2024-01-11T06:17:38.948Z] database rules config:  [{"instance":"fir-app-11707-default-rtdb","rules":"/home/muhammad-umar/Documents/dev/battle_ship/database.rules.json"}]
[debug] [2024-01-11T06:17:38.955Z] Ignoring unsupported arg: projectId {"metadata":{"emulator":{"name":"database"},"message":"Ignoring unsupported arg: projectId"}}
[debug] [2024-01-11T06:17:38.955Z] Ignoring unsupported arg: auto_download {"metadata":{"emulator":{"name":"database"},"message":"Ignoring unsupported arg: auto_download"}}
[debug] [2024-01-11T06:17:38.955Z] Ignoring unsupported arg: rules {"metadata":{"emulator":{"name":"database"},"message":"Ignoring unsupported arg: rules"}}
[debug] [2024-01-11T06:17:38.956Z] Starting Database Emulator with command {"binary":"java","args":["-Duser.language=en","-jar","/home/muhammad-umar/.cache/firebase/emulators/firebase-database-emulator-v4.11.2.jar","--host","127.0.0.1","--port",9000,"--single_project_mode","Warning"],"optionalArgs":["port","host","functions_emulator_port","functions_emulator_host","single_project_mode"],"joinArgs":false} {"metadata":{"emulator":{"name":"database"},"message":"Starting Database Emulator with command {\"binary\":\"java\",\"args\":[\"-Duser.language=en\",\"-jar\",\"/home/muhammad-umar/.cache/firebase/emulators/firebase-database-emulator-v4.11.2.jar\",\"--host\",\"127.0.0.1\",\"--port\",9000,\"--single_project_mode\",\"Warning\"],\"optionalArgs\":[\"port\",\"host\",\"functions_emulator_port\",\"functions_emulator_host\",\"single_project_mode\"],\"joinArgs\":false}"}}
[info] i  database: Database Emulator logging to database-debug.log {"metadata":{"emulator":{"name":"database"},"message":"Database Emulator logging to \u001b[1mdatabase-debug.log\u001b[22m"}}
[debug] [2024-01-11T06:17:40.168Z] 11:17:40.166 [NamespaceSystem-akka.actor.default-dispatcher-4] INFO akka.event.slf4j.Slf4jLogger - Slf4jLogger started
 {"metadata":{"emulator":{"name":"database"},"message":"11:17:40.166 [NamespaceSystem-akka.actor.default-dispatcher-4] INFO akka.event.slf4j.Slf4jLogger - Slf4jLogger started\n"}}
[debug] [2024-01-11T06:17:40.359Z] 11:17:40.358 [main] INFO com.firebase.server.forge.App$ - Listening at 127.0.0.1:9000
 {"metadata":{"emulator":{"name":"database"},"message":"11:17:40.358 [main] INFO com.firebase.server.forge.App$ - Listening at 127.0.0.1:9000\n"}}
[info] i  ui: downloading ui-v1.11.7.zip... {"metadata":{"emulator":{"name":"ui"},"message":"downloading ui-v1.11.7.zip..."}}
[debug] [2024-01-11T06:17:40.489Z] >>> [apiv2][query] GET https://storage.googleapis.com/firebase-preview-drop/emulator/ui-v1.11.7.zip 
[debug] [2024-01-11T06:17:41.289Z] <<< [apiv2][status] GET https://storage.googleapis.com/firebase-preview-drop/emulator/ui-v1.11.7.zip 200
[debug] [2024-01-11T06:17:41.290Z] <<< [apiv2][body] GET https://storage.googleapis.com/firebase-preview-drop/emulator/ui-v1.11.7.zip [stream]
[debug] [2024-01-11T06:17:42.909Z] Data is 3064105
[debug] [2024-01-11T06:17:42.910Z] [unzip] Entry: client/ (compressed_size=0 bytes, uncompressed_size=0 bytes)
[debug] [2024-01-11T06:17:42.910Z] [unzip] Processing entry: client/
[debug] [2024-01-11T06:17:42.911Z] [unzip] mkdir: /home/muhammad-umar/.cache/firebase/emulators/ui-v1.11.7/client/
[debug] [2024-01-11T06:17:42.911Z] [unzip] Entry: client/favicon.ico (compressed_size=2497 bytes, uncompressed_size=7406 bytes)
[debug] [2024-01-11T06:17:42.911Z] [unzip] Processing entry: client/favicon.ico
[debug] [2024-01-11T06:17:42.911Z] [unzip] else mkdir: /home/muhammad-umar/.cache/firebase/emulators/ui-v1.11.7/client
[debug] [2024-01-11T06:17:42.912Z] [unzip] deflating: /home/muhammad-umar/.cache/firebase/emulators/ui-v1.11.7/client/favicon.ico
[debug] [2024-01-11T06:17:42.916Z] [unzip] Entry: client/apple-touch-icon.png (compressed_size=7231 bytes, uncompressed_size=7367 bytes)
[debug] [2024-01-11T06:17:42.916Z] [unzip] Processing entry: client/apple-touch-icon.png
[debug] [2024-01-11T06:17:42.916Z] [unzip] else mkdir: /home/muhammad-umar/.cache/firebase/emulators/ui-v1.11.7/client
[debug] [2024-01-11T06:17:42.916Z] [unzip] deflating: /home/muhammad-umar/.cache/firebase/emulators/ui-v1.11.7/client/apple-touch-icon.png
[debug] [2024-01-11T06:17:42.917Z] [unzip] Entry: client/android-chrome-512x512.png (compressed_size=16987 bytes, uncompressed_size=18186 bytes)
[debug] [2024-01-11T06:17:42.917Z] [unzip] Processing entry: client/android-chrome-512x512.png
[debug] [2024-01-11T06:17:42.917Z] [unzip] else mkdir: /home/muhammad-umar/.cache/firebase/emulators/ui-v1.11.7/client
[debug] [2024-01-11T06:17:42.918Z] [unzip] deflating: /home/muhammad-umar/.cache/firebase/emulators/ui-v1.11.7/client/android-chrome-512x512.png
[debug] [2024-01-11T06:17:42.919Z] [unzip] Entry: client/assets/ (compressed_size=0 bytes, uncompressed_size=0 bytes)
[debug] [2024-01-11T06:17:42.919Z] [unzip] Processing entry: client/assets/
[debug] [2024-01-11T06:17:42.919Z] [unzip] mkdir: /home/muhammad-umar/.cache/firebase/emulators/ui-v1.11.7/client/assets/
[debug] [2024-01-11T06:17:42.919Z] [unzip] Entry: client/assets/extensions/ (compressed_size=0 bytes, uncompressed_size=0 bytes)
[debug] [2024-01-11T06:17:42.919Z] [unzip] Processing entry: client/assets/extensions/
[debug] [2024-01-11T06:17:42.919Z] [unzip] mkdir: /home/muhammad-umar/.cache/firebase/emulators/ui-v1.11.7/client/assets/extensions/
[debug] [2024-01-11T06:17:42.920Z] [unzip] Entry: client/assets/extensions/default-extension.png (compressed_size=1646 bytes, uncompressed_size=1657 bytes)
[debug] [2024-01-11T06:17:42.920Z] [unzip] Processing entry: client/assets/extensions/default-extension.png
[debug] [2024-01-11T06:17:42.920Z] [unzip] else mkdir: /home/muhammad-umar/.cache/firebase/emulators/ui-v1.11.7/client/assets/extensions
[debug] [2024-01-11T06:17:42.920Z] [unzip] deflating: /home/muhammad-umar/.cache/firebase/emulators/ui-v1.11.7/client/assets/extensions/default-extension.png
[debug] [2024-01-11T06:17:42.921Z] [unzip] Entry: client/assets/index.58ca09f7.css (compressed_size=37601 bytes, uncompressed_size=321252 bytes)
[debug] [2024-01-11T06:17:42.921Z] [unzip] Processing entry: client/assets/index.58ca09f7.css
[debug] [2024-01-11T06:17:42.921Z] [unzip] else mkdir: /home/muhammad-umar/.cache/firebase/emulators/ui-v1.11.7/client/assets
[debug] [2024-01-11T06:17:42.921Z] [unzip] deflating: /home/muhammad-umar/.cache/firebase/emulators/ui-v1.11.7/client/assets/index.58ca09f7.css
[debug] [2024-01-11T06:17:42.924Z] [unzip] Entry: client/assets/index.c2583d42.js (compressed_size=526232 bytes, uncompressed_size=1860152 bytes)
[debug] [2024-01-11T06:17:42.924Z] [unzip] Processing entry: client/assets/index.c2583d42.js
[debug] [2024-01-11T06:17:42.924Z] [unzip] else mkdir: /home/muhammad-umar/.cache/firebase/emulators/ui-v1.11.7/client/assets
[debug] [2024-01-11T06:17:42.925Z] [unzip] deflating: /home/muhammad-umar/.cache/firebase/emulators/ui-v1.11.7/client/assets/index.c2583d42.js
[debug] [2024-01-11T06:17:42.936Z] [unzip] Entry: client/assets/provider-icons/ (compressed_size=0 bytes, uncompressed_size=0 bytes)
[debug] [2024-01-11T06:17:42.936Z] [unzip] Processing entry: client/assets/provider-icons/
[debug] [2024-01-11T06:17:42.936Z] [unzip] mkdir: /home/muhammad-umar/.cache/firebase/emulators/ui-v1.11.7/client/assets/provider-icons/
[debug] [2024-01-11T06:17:42.937Z] [unzip] Entry: client/assets/provider-icons/auth_service_oidc.svg (compressed_size=414 bytes, uncompressed_size=858 bytes)
[debug] [2024-01-11T06:17:42.937Z] [unzip] Processing entry: client/assets/provider-icons/auth_service_oidc.svg
[debug] [2024-01-11T06:17:42.937Z] [unzip] else mkdir: /home/muhammad-umar/.cache/firebase/emulators/ui-v1.11.7/client/assets/provider-icons
[debug] [2024-01-11T06:17:42.937Z] [unzip] deflating: /home/muhammad-umar/.cache/firebase/emulators/ui-v1.11.7/client/assets/provider-icons/auth_service_oidc.svg
[debug] [2024-01-11T06:17:42.938Z] [unzip] Entry: client/assets/provider-icons/auth_service_yahoo.svg (compressed_size=577 bytes, uncompressed_size=1182 bytes)
[debug] [2024-01-11T06:17:42.938Z] [unzip] Processing entry: client/assets/provider-icons/auth_service_yahoo.svg
[debug] [2024-01-11T06:17:42.938Z] [unzip] else mkdir: /home/muhammad-umar/.cache/firebase/emulators/ui-v1.11.7/client/assets/provider-icons
[debug] [2024-01-11T06:17:42.938Z] [unzip] deflating: /home/muhammad-umar/.cache/firebase/emulators/ui-v1.11.7/client/assets/provider-icons/auth_service_yahoo.svg
[debug] [2024-01-11T06:17:42.939Z] [unzip] Entry: client/assets/provider-icons/auth_service_phone.svg (compressed_size=261 bytes, uncompressed_size=414 bytes)
[debug] [2024-01-11T06:17:42.939Z] [unzip] Processing entry: client/assets/provider-icons/auth_service_phone.svg
[debug] [2024-01-11T06:17:42.939Z] [unzip] else mkdir: /home/muhammad-umar/.cache/firebase/emulators/ui-v1.11.7/client/assets/provider-icons
[debug] [2024-01-11T06:17:42.939Z] [unzip] deflating: /home/muhammad-umar/.cache/firebase/emulators/ui-v1.11.7/client/assets/provider-icons/auth_service_phone.svg
[debug] [2024-01-11T06:17:42.941Z] [unzip] Entry: client/assets/provider-icons/auth_service_saml.svg (compressed_size=575 bytes, uncompressed_size=1226 bytes)
[debug] [2024-01-11T06:17:42.941Z] [unzip] Processing entry: client/assets/provider-icons/auth_service_saml.svg
[debug] [2024-01-11T06:17:42.941Z] [unzip] else mkdir: /home/muhammad-umar/.cache/firebase/emulators/ui-v1.11.7/client/assets/provider-icons
[debug] [2024-01-11T06:17:42.941Z] [unzip] deflating: /home/muhammad-umar/.cache/firebase/emulators/ui-v1.11.7/client/assets/provider-icons/auth_service_saml.svg
[debug] [2024-01-11T06:17:42.942Z] [unzip] Entry: client/assets/provider-icons/auth_service_mslive.svg (compressed_size=203 bytes, uncompressed_size=378 bytes)
[debug] [2024-01-11T06:17:42.942Z] [unzip] Processing entry: client/assets/provider-icons/auth_service_mslive.svg
[debug] [2024-01-11T06:17:42.942Z] [unzip] else mkdir: /home/muhammad-umar/.cache/firebase/emulators/ui-v1.11.7/client/assets/provider-icons
[debug] [2024-01-11T06:17:42.942Z] [unzip] deflating: /home/muhammad-umar/.cache/firebase/emulators/ui-v1.11.7/client/assets/provider-icons/auth_service_mslive.svg
[debug] [2024-01-11T06:17:42.943Z] [unzip] Entry: client/assets/provider-icons/auth_service_facebook.svg (compressed_size=289 bytes, uncompressed_size=457 bytes)
[debug] [2024-01-11T06:17:42.943Z] [unzip] Processing entry: client/assets/provider-icons/auth_service_facebook.svg
[debug] [2024-01-11T06:17:42.943Z] [unzip] else mkdir: /home/muhammad-umar/.cache/firebase/emulators/ui-v1.11.7/client/assets/provider-icons
[debug] [2024-01-11T06:17:42.943Z] [unzip] deflating: /home/muhammad-umar/.cache/firebase/emulators/ui-v1.11.7/client/assets/provider-icons/auth_service_facebook.svg
[debug] [2024-01-11T06:17:42.944Z] [unzip] Entry: client/assets/provider-icons/auth_service_play_games.svg (compressed_size=565 bytes, uncompressed_size=1173 bytes)
[debug] [2024-01-11T06:17:42.944Z] [unzip] Processing entry: client/assets/provider-icons/auth_service_play_games.svg
[debug] [2024-01-11T06:17:42.944Z] [unzip] else mkdir: /home/muhammad-umar/.cache/firebase/emulators/ui-v1.11.7/client/assets/provider-icons
[debug] [2024-01-11T06:17:42.944Z] [unzip] deflating: /home/muhammad-umar/.cache/firebase/emulators/ui-v1.11.7/client/assets/provider-icons/auth_service_play_games.svg
[debug] [2024-01-11T06:17:42.945Z] [unzip] Entry: client/assets/provider-icons/auth_service_github.svg (compressed_size=466 bytes, uncompressed_size=838 bytes)
[debug] [2024-01-11T06:17:42.945Z] [unzip] Processing entry: client/assets/provider-icons/auth_service_github.svg
[debug] [2024-01-11T06:17:42.945Z] [unzip] else mkdir: /home/muhammad-umar/.cache/firebase/emulators/ui-v1.11.7/client/assets/provider-icons
[debug] [2024-01-11T06:17:42.946Z] [unzip] deflating: /home/muhammad-umar/.cache/firebase/emulators/ui-v1.11.7/client/assets/provider-icons/auth_service_github.svg
[debug] [2024-01-11T06:17:42.946Z] [unzip] Entry: client/assets/provider-icons/auth_service_apple.svg (compressed_size=230 bytes, uncompressed_size=334 bytes)
[debug] [2024-01-11T06:17:42.946Z] [unzip] Processing entry: client/assets/provider-icons/auth_service_apple.svg
[debug] [2024-01-11T06:17:42.947Z] [unzip] else mkdir: /home/muhammad-umar/.cache/firebase/emulators/ui-v1.11.7/client/assets/provider-icons
[debug] [2024-01-11T06:17:42.947Z] [unzip] deflating: /home/muhammad-umar/.cache/firebase/emulators/ui-v1.11.7/client/assets/provider-icons/auth_service_apple.svg
[debug] [2024-01-11T06:17:42.948Z] [unzip] Entry: client/assets/provider-icons/auth_service_google.svg (compressed_size=409 bytes, uncompressed_size=720 bytes)
[debug] [2024-01-11T06:17:42.948Z] [unzip] Processing entry: client/assets/provider-icons/auth_service_google.svg
[debug] [2024-01-11T06:17:42.948Z] [unzip] else mkdir: /home/muhammad-umar/.cache/firebase/emulators/ui-v1.11.7/client/assets/provider-icons
[debug] [2024-01-11T06:17:42.948Z] [unzip] deflating: /home/muhammad-umar/.cache/firebase/emulators/ui-v1.11.7/client/assets/provider-icons/auth_service_google.svg
[debug] [2024-01-11T06:17:42.949Z] [unzip] Entry: client/assets/provider-icons/auth_service_email.svg (compressed_size=228 bytes, uncompressed_size=326 bytes)
[debug] [2024-01-11T06:17:42.949Z] [unzip] Processing entry: client/assets/provider-icons/auth_service_email.svg
[debug] [2024-01-11T06:17:42.949Z] [unzip] else mkdir: /home/muhammad-umar/.cache/firebase/emulators/ui-v1.11.7/client/assets/provider-icons
[debug] [2024-01-11T06:17:42.949Z] [unzip] deflating: /home/muhammad-umar/.cache/firebase/emulators/ui-v1.11.7/client/assets/provider-icons/auth_service_email.svg
[debug] [2024-01-11T06:17:42.950Z] [unzip] Entry: client/assets/provider-icons/auth_service_twitter.svg (compressed_size=444 bytes, uncompressed_size=751 bytes)
[debug] [2024-01-11T06:17:42.950Z] [unzip] Processing entry: client/assets/provider-icons/auth_service_twitter.svg
[debug] [2024-01-11T06:17:42.950Z] [unzip] else mkdir: /home/muhammad-umar/.cache/firebase/emulators/ui-v1.11.7/client/assets/provider-icons
[debug] [2024-01-11T06:17:42.950Z] [unzip] deflating: /home/muhammad-umar/.cache/firebase/emulators/ui-v1.11.7/client/assets/provider-icons/auth_service_twitter.svg
[debug] [2024-01-11T06:17:42.950Z] [unzip] Entry: client/assets/provider-icons/auth_service_game_center.svg (compressed_size=991 bytes, uncompressed_size=3921 bytes)
[debug] [2024-01-11T06:17:42.951Z] [unzip] Processing entry: client/assets/provider-icons/auth_service_game_center.svg
[debug] [2024-01-11T06:17:42.951Z] [unzip] else mkdir: /home/muhammad-umar/.cache/firebase/emulators/ui-v1.11.7/client/assets/provider-icons
[debug] [2024-01-11T06:17:42.951Z] [unzip] deflating: /home/muhammad-umar/.cache/firebase/emulators/ui-v1.11.7/client/assets/provider-icons/auth_service_game_center.svg
[debug] [2024-01-11T06:17:42.952Z] [unzip] Entry: client/assets/index.c2583d42.js.map (compressed_size=1778557 bytes, uncompressed_size=7961927 bytes)
[debug] [2024-01-11T06:17:42.952Z] [unzip] Processing entry: client/assets/index.c2583d42.js.map
[debug] [2024-01-11T06:17:42.952Z] [unzip] else mkdir: /home/muhammad-umar/.cache/firebase/emulators/ui-v1.11.7/client/assets
[debug] [2024-01-11T06:17:42.952Z] [unzip] deflating: /home/muhammad-umar/.cache/firebase/emulators/ui-v1.11.7/client/assets/index.c2583d42.js.map
[debug] [2024-01-11T06:17:43.000Z] [unzip] Entry: client/assets/img/ (compressed_size=0 bytes, uncompressed_size=0 bytes)
[debug] [2024-01-11T06:17:43.000Z] [unzip] Processing entry: client/assets/img/
[debug] [2024-01-11T06:17:43.000Z] [unzip] mkdir: /home/muhammad-umar/.cache/firebase/emulators/ui-v1.11.7/client/assets/img/
[debug] [2024-01-11T06:17:43.001Z] [unzip] Entry: client/assets/img/database.png (compressed_size=29449 bytes, uncompressed_size=29988 bytes)
[debug] [2024-01-11T06:17:43.001Z] [unzip] Processing entry: client/assets/img/database.png
[debug] [2024-01-11T06:17:43.001Z] [unzip] else mkdir: /home/muhammad-umar/.cache/firebase/emulators/ui-v1.11.7/client/assets/img
[debug] [2024-01-11T06:17:43.001Z] [unzip] deflating: /home/muhammad-umar/.cache/firebase/emulators/ui-v1.11.7/client/assets/img/database.png
[debug] [2024-01-11T06:17:43.003Z] [unzip] Entry: client/safari-pinned-tab.svg (compressed_size=838 bytes, uncompressed_size=1504 bytes)
[debug] [2024-01-11T06:17:43.003Z] [unzip] Processing entry: client/safari-pinned-tab.svg
[debug] [2024-01-11T06:17:43.004Z] [unzip] else mkdir: /home/muhammad-umar/.cache/firebase/emulators/ui-v1.11.7/client
[debug] [2024-01-11T06:17:43.004Z] [unzip] deflating: /home/muhammad-umar/.cache/firebase/emulators/ui-v1.11.7/client/safari-pinned-tab.svg
[debug] [2024-01-11T06:17:43.004Z] [unzip] Entry: client/mstile-150x150.png (compressed_size=5406 bytes, uncompressed_size=5723 bytes)
[debug] [2024-01-11T06:17:43.004Z] [unzip] Processing entry: client/mstile-150x150.png
[debug] [2024-01-11T06:17:43.004Z] [unzip] else mkdir: /home/muhammad-umar/.cache/firebase/emulators/ui-v1.11.7/client
[debug] [2024-01-11T06:17:43.005Z] [unzip] deflating: /home/muhammad-umar/.cache/firebase/emulators/ui-v1.11.7/client/mstile-150x150.png
[debug] [2024-01-11T06:17:43.005Z] [unzip] Entry: client/browserconfig.xml (compressed_size=491 bytes, uncompressed_size=822 bytes)
[debug] [2024-01-11T06:17:43.005Z] [unzip] Processing entry: client/browserconfig.xml
[debug] [2024-01-11T06:17:43.006Z] [unzip] else mkdir: /home/muhammad-umar/.cache/firebase/emulators/ui-v1.11.7/client
[debug] [2024-01-11T06:17:43.006Z] [unzip] deflating: /home/muhammad-umar/.cache/firebase/emulators/ui-v1.11.7/client/browserconfig.xml
[debug] [2024-01-11T06:17:43.006Z] [unzip] Entry: client/robots.txt (compressed_size=26 bytes, uncompressed_size=26 bytes)
[debug] [2024-01-11T06:17:43.006Z] [unzip] Processing entry: client/robots.txt
[debug] [2024-01-11T06:17:43.006Z] [unzip] else mkdir: /home/muhammad-umar/.cache/firebase/emulators/ui-v1.11.7/client
[debug] [2024-01-11T06:17:43.006Z] [unzip] Writing file: /home/muhammad-umar/.cache/firebase/emulators/ui-v1.11.7/client/robots.txt
[debug] [2024-01-11T06:17:43.007Z] [unzip] Entry: client/index.html (compressed_size=1363 bytes, uncompressed_size=3064 bytes)
[debug] [2024-01-11T06:17:43.007Z] [unzip] Processing entry: client/index.html
[debug] [2024-01-11T06:17:43.007Z] [unzip] else mkdir: /home/muhammad-umar/.cache/firebase/emulators/ui-v1.11.7/client
[debug] [2024-01-11T06:17:43.007Z] [unzip] deflating: /home/muhammad-umar/.cache/firebase/emulators/ui-v1.11.7/client/index.html
[debug] [2024-01-11T06:17:43.008Z] [unzip] Entry: client/favicon-16x16.png (compressed_size=757 bytes, uncompressed_size=777 bytes)
[debug] [2024-01-11T06:17:43.008Z] [unzip] Processing entry: client/favicon-16x16.png
[debug] [2024-01-11T06:17:43.008Z] [unzip] else mkdir: /home/muhammad-umar/.cache/firebase/emulators/ui-v1.11.7/client
[debug] [2024-01-11T06:17:43.008Z] [unzip] deflating: /home/muhammad-umar/.cache/firebase/emulators/ui-v1.11.7/client/favicon-16x16.png
[debug] [2024-01-11T06:17:43.009Z] [unzip] Entry: client/manifest.json (compressed_size=246 bytes, uncompressed_size=551 bytes)
[debug] [2024-01-11T06:17:43.009Z] [unzip] Processing entry: client/manifest.json
[debug] [2024-01-11T06:17:43.009Z] [unzip] else mkdir: /home/muhammad-umar/.cache/firebase/emulators/ui-v1.11.7/client
[debug] [2024-01-11T06:17:43.009Z] [unzip] deflating: /home/muhammad-umar/.cache/firebase/emulators/ui-v1.11.7/client/manifest.json
[debug] [2024-01-11T06:17:43.010Z] [unzip] Entry: client/favicon-32x32.png (compressed_size=1175 bytes, uncompressed_size=1175 bytes)
[debug] [2024-01-11T06:17:43.010Z] [unzip] Processing entry: client/favicon-32x32.png
[debug] [2024-01-11T06:17:43.010Z] [unzip] else mkdir: /home/muhammad-umar/.cache/firebase/emulators/ui-v1.11.7/client
[debug] [2024-01-11T06:17:43.010Z] [unzip] Writing file: /home/muhammad-umar/.cache/firebase/emulators/ui-v1.11.7/client/favicon-32x32.png
[debug] [2024-01-11T06:17:43.010Z] [unzip] Entry: client/android-chrome-192x192.png (compressed_size=7602 bytes, uncompressed_size=7834 bytes)
[debug] [2024-01-11T06:17:43.010Z] [unzip] Processing entry: client/android-chrome-192x192.png
[debug] [2024-01-11T06:17:43.010Z] [unzip] else mkdir: /home/muhammad-umar/.cache/firebase/emulators/ui-v1.11.7/client
[debug] [2024-01-11T06:17:43.011Z] [unzip] deflating: /home/muhammad-umar/.cache/firebase/emulators/ui-v1.11.7/client/android-chrome-192x192.png
[debug] [2024-01-11T06:17:43.011Z] [unzip] Entry: server/ (compressed_size=0 bytes, uncompressed_size=0 bytes)
[debug] [2024-01-11T06:17:43.011Z] [unzip] Processing entry: server/
[debug] [2024-01-11T06:17:43.011Z] [unzip] mkdir: /home/muhammad-umar/.cache/firebase/emulators/ui-v1.11.7/server/
[debug] [2024-01-11T06:17:43.011Z] [unzip] Entry: server/server.js (compressed_size=343746 bytes, uncompressed_size=1346374 bytes)
[debug] [2024-01-11T06:17:43.011Z] [unzip] Processing entry: server/server.js
[debug] [2024-01-11T06:17:43.012Z] [unzip] else mkdir: /home/muhammad-umar/.cache/firebase/emulators/ui-v1.11.7/server
[debug] [2024-01-11T06:17:43.012Z] [unzip] deflating: /home/muhammad-umar/.cache/firebase/emulators/ui-v1.11.7/server/server.js
[debug] [2024-01-11T06:17:43.020Z] [unzip] Entry: server/server.js.map (compressed_size=289157 bytes, uncompressed_size=1325651 bytes)
[debug] [2024-01-11T06:17:43.020Z] [unzip] Processing entry: server/server.js.map
[debug] [2024-01-11T06:17:43.020Z] [unzip] else mkdir: /home/muhammad-umar/.cache/firebase/emulators/ui-v1.11.7/server
[debug] [2024-01-11T06:17:43.021Z] [unzip] deflating: /home/muhammad-umar/.cache/firebase/emulators/ui-v1.11.7/server/server.js.map
[debug] [2024-01-11T06:17:43.032Z] Ignoring unsupported arg: auto_download {"metadata":{"emulator":{"name":"ui"},"message":"Ignoring unsupported arg: auto_download"}}
[debug] [2024-01-11T06:17:43.032Z] Ignoring unsupported arg: port {"metadata":{"emulator":{"name":"ui"},"message":"Ignoring unsupported arg: port"}}
[debug] [2024-01-11T06:17:43.033Z] Starting Emulator UI with command {"binary":"node","args":["/home/muhammad-umar/.cache/firebase/emulators/ui-v1.11.7/server/server.js"],"optionalArgs":[],"joinArgs":false} {"metadata":{"emulator":{"name":"ui"},"message":"Starting Emulator UI with command {\"binary\":\"node\",\"args\":[\"/home/muhammad-umar/.cache/firebase/emulators/ui-v1.11.7/server/server.js\"],\"optionalArgs\":[],\"joinArgs\":false}"}}
[info] i  ui: Emulator UI logging to ui-debug.log {"metadata":{"emulator":{"name":"ui"},"message":"Emulator UI logging to \u001b[1mui-debug.log\u001b[22m"}}
[debug] [2024-01-11T06:17:43.257Z] Web / API server started at 127.0.0.1:4000
 {"metadata":{"emulator":{"name":"ui"},"message":"Web / API server started at 127.0.0.1:4000\n"}}
[debug] [2024-01-11T06:17:43.257Z] Web / API server started at ::1:4000
 {"metadata":{"emulator":{"name":"ui"},"message":"Web / API server started at ::1:4000\n"}}
[debug] [2024-01-11T06:17:43.296Z] >>> [apiv2][query] PUT http://127.0.0.1:9000/.settings/rules.json ns=fir-app-11707-default-rtdb
[debug] [2024-01-11T06:17:43.296Z] >>> [apiv2][body] PUT http://127.0.0.1:9000/.settings/rules.json "{\n  \"rules\": {\n    \".read\": \"now < 1707073200000\",  // 2024-2-5\n    \".write\": \"now < 1707073200000\",  // 2024-2-5\n  }\n}"
[debug] [2024-01-11T06:17:43.640Z] 11:17:43.640 [NamespaceSystem-akka.actor.default-dispatcher-4] INFO com.firebase.core.namespace.NamespaceActor - fir-app-11707-default-rtdb successfully activated FBKV (SurveyIdle(0)) wait: 194ms, init: 0ms
 {"metadata":{"emulator":{"name":"database"},"message":"11:17:43.640 [NamespaceSystem-akka.actor.default-dispatcher-4] INFO com.firebase.core.namespace.NamespaceActor - fir-app-11707-default-rtdb successfully activated FBKV (SurveyIdle(0)) wait: 194ms, init: 0ms\n"}}
[debug] [2024-01-11T06:17:43.765Z] 11:17:43.765 [NamespaceSystem-blocking-namespace-operation-dispatcher-6] INFO com.firebase.core.namespace.StateManager - Namespace fir-app-11707-default-rtdb status Active to Active
 {"metadata":{"emulator":{"name":"database"},"message":"11:17:43.765 [NamespaceSystem-blocking-namespace-operation-dispatcher-6] INFO com.firebase.core.namespace.StateManager - Namespace fir-app-11707-default-rtdb status Active to Active\n"}}
[debug] [2024-01-11T06:17:43.799Z] <<< [apiv2][status] PUT http://127.0.0.1:9000/.settings/rules.json 200
[debug] [2024-01-11T06:17:43.799Z] <<< [apiv2][body] PUT http://127.0.0.1:9000/.settings/rules.json {"status":"ok"}
[info] 
┌─────────────────────────────────────────────────────────────┐
│ ✔  All emulators ready! It is now safe to connect your app. │
│ i  View Emulator UI at http://127.0.0.1:4000/               │
└─────────────────────────────────────────────────────────────┘

┌──────────┬────────────────┬────────────────────────────────┐
│ Emulator │ Host:Port      │ View in Emulator UI            │
├──────────┼────────────────┼────────────────────────────────┤
│ Database │ 127.0.0.1:9000 │ http://127.0.0.1:4000/database │
└──────────┴────────────────┴────────────────────────────────┘
  Emulator Hub running at 127.0.0.1:4400
  Other reserved ports: 4500

Issues? Report them at https://github.com/firebase/firebase-tools/issues and attach the *-debug.log files.
 
[debug] [2024-01-11T06:18:11.593Z] 11:18:11.593 [FirebaseWorkerPool-1-3] WARN com.firebase.core.persistence.backend.dummy.EmulatorMetadataPersistence - Multiple projectIds are not recommended in single project mode. Requested 
namespace fir-app-11707, but the emulator is configured for fir-app-11707-default-rtdb. To 
opt-out of single project mode add/set the singleProjectMode: false property in 
the firebase.json emulators config. 
 {"metadata":{"emulator":{"name":"database"},"message":"11:18:11.593 [FirebaseWorkerPool-1-3] WARN com.firebase.core.persistence.backend.dummy.EmulatorMetadataPersistence - Multiple projectIds are not recommended in single project mode. Requested \nnamespace fir-app-11707, but the emulator is configured for fir-app-11707-default-rtdb. To \nopt-out of single project mode add/set the singleProjectMode: false property in \nthe firebase.json emulators config. \n"}}
[debug] [2024-01-11T06:18:11.601Z] 11:18:11.601 [NamespaceSystem-akka.actor.default-dispatcher-5] INFO com.firebase.core.namespace.NamespaceActor - fir-app-11707 successfully activated FBKV (SurveyIdle(0)) wait: 4ms, init: 0ms
 {"metadata":{"emulator":{"name":"database"},"message":"11:18:11.601 [NamespaceSystem-akka.actor.default-dispatcher-5] INFO com.firebase.core.namespace.NamespaceActor - fir-app-11707 successfully activated FBKV (SurveyIdle(0)) wait: 4ms, init: 0ms\n"}}
[info] i  database: Change detected, updating rules for fir-app-11707-default-rtdb... {"metadata":{"emulator":{"name":"database"},"message":"Change detected, updating rules for fir-app-11707-default-rtdb..."}}
[debug] [2024-01-11T07:06:47.561Z] >>> [apiv2][query] PUT http://127.0.0.1:9000/.settings/rules.json ns=fir-app-11707-default-rtdb
[debug] [2024-01-11T07:06:47.561Z] >>> [apiv2][body] PUT http://127.0.0.1:9000/.settings/rules.json "{\n  \"rules\": {\n    \".read\": \"now < 1707073200000\",\n    \".write\": \"now < 1707073200000\"\n  }\n}"
[debug] [2024-01-11T07:06:47.622Z] 12:06:47.617 [NamespaceSystem-blocking-namespace-operation-dispatcher-215] INFO com.firebase.core.namespace.StateManager - Namespace fir-app-11707-default-rtdb status Active to Active
 {"metadata":{"emulator":{"name":"database"},"message":"12:06:47.617 [NamespaceSystem-blocking-namespace-operation-dispatcher-215] INFO com.firebase.core.namespace.StateManager - Namespace fir-app-11707-default-rtdb status Active to Active\n"}}
[debug] [2024-01-11T07:06:47.627Z] <<< [apiv2][status] PUT http://127.0.0.1:9000/.settings/rules.json 200
[debug] [2024-01-11T07:06:47.627Z] <<< [apiv2][body] PUT http://127.0.0.1:9000/.settings/rules.json {"status":"ok"}
[info] ✔  database: Rules updated. {"metadata":{"emulator":{"name":"database"},"message":"Rules updated."}}
